<?xml version="1.0" encoding="UTF-8"?>
<coverage generated="1701710739984" clover="3.2.0">
  <project timestamp="1701710739984" name="All files">
    <metrics statements="19" coveredstatements="14" conditionals="30" coveredconditionals="20" methods="14" coveredmethods="7" elements="63" coveredelements="41" complexity="0" loc="19" ncloc="19" packages="2" files="6" classes="6"/>
    <package name="components">
      <metrics statements="8" coveredstatements="8" conditionals="4" coveredconditionals="3" methods="4" coveredmethods="4"/>
      <file name="ArtistCard.jsx" path="D:\Projetos\SpotifyClone\src\components\ArtistCard.jsx">
        <metrics statements="4" coveredstatements="4" conditionals="0" coveredconditionals="0" methods="2" coveredmethods="2"/>
        <line num="4" count="1" type="stmt"/>
        <line num="5" count="1" type="stmt"/>
        <line num="7" count="1" type="stmt"/>
        <line num="11" count="1" type="stmt"/>
      </file>
      <file name="Error.jsx" path="D:\Projetos\SpotifyClone\src\components\Error.jsx">
        <metrics statements="2" coveredstatements="2" conditionals="0" coveredconditionals="0" methods="1" coveredmethods="1"/>
        <line num="3" count="1" type="stmt"/>
        <line num="4" count="1" type="stmt"/>
      </file>
      <file name="PlayPause.jsx" path="D:\Projetos\SpotifyClone\src\components\PlayPause.jsx">
        <metrics statements="2" coveredstatements="2" conditionals="4" coveredconditionals="3" methods="1" coveredmethods="1"/>
        <line num="4" count="1" type="stmt"/>
        <line num="5" count="1" type="cond" truecount="3" falsecount="1"/>
      </file>
    </package>
    <package name="components.MusicPlayer">
      <metrics statements="11" coveredstatements="6" conditionals="26" coveredconditionals="17" methods="10" coveredmethods="3"/>
      <file name="Controls.jsx" path="D:\Projetos\SpotifyClone\src\components\MusicPlayer\Controls.jsx">
        <metrics statements="4" coveredstatements="2" conditionals="10" coveredconditionals="7" methods="5" coveredmethods="1"/>
        <line num="5" count="1" type="stmt"/>
        <line num="6" count="1" type="stmt"/>
        <line num="7" count="0" type="cond" truecount="1" falsecount="1"/>
        <line num="15" count="0" type="cond" truecount="1" falsecount="1"/>
      </file>
      <file name="Track.jsx" path="D:\Projetos\SpotifyClone\src\components\MusicPlayer\Track.jsx">
        <metrics statements="2" coveredstatements="2" conditionals="8" coveredconditionals="4" methods="1" coveredmethods="1"/>
        <line num="3" count="1" type="stmt"/>
        <line num="4" count="1" type="stmt"/>
      </file>
      <file name="VolumeBar.jsx" path="D:\Projetos\SpotifyClone\src\components\MusicPlayer\VolumeBar.jsx">
        <metrics statements="5" coveredstatements="2" conditionals="8" coveredconditionals="6" methods="4" coveredmethods="1"/>
        <line num="4" count="1" type="stmt"/>
        <line num="5" count="1" type="stmt"/>
        <line num="6" count="0" type="cond" truecount="2" falsecount="1"/>
        <line num="7" count="0" type="cond" truecount="3" falsecount="0"/>
        <line num="8" count="0" type="cond" truecount="1" falsecount="1"/>
      </file>
    </package>
  </project>
</coverage>
