{"D:\\Projetos\\SpotifyClone\\src\\components\\ArtistCard.jsx": {"path":"D:\\Projetos\\SpotifyClone\\src\\components\\ArtistCard.jsx","statementMap":{"0":{"start":{"line":4,"column":19},"end":{"line":23,"column":1}},"1":{"start":{"line":5,"column":19},"end":{"line":5,"column":32}},"2":{"start":{"line":7,"column":2},"end":{"line":22,"column":4}},"3":{"start":{"line":11,"column":21},"end":{"line":11,"column":69}}},"fnMap":{"0":{"name":"(anonymous_0)","decl":{"start":{"line":4,"column":19},"end":{"line":4,"column":20}},"loc":{"start":{"line":4,"column":34},"end":{"line":23,"column":1}},"line":4},"1":{"name":"(anonymous_1)","decl":{"start":{"line":11,"column":15},"end":{"line":11,"column":16}},"loc":{"start":{"line":11,"column":21},"end":{"line":11,"column":69}},"line":11}},"branchMap":{},"s":{"0":1,"1":1,"2":1,"3":1},"f":{"0":1,"1":1},"b":{},"_coverageSchema":"1a1c01bbd47fc00a2c39e90264f33305004495a9","hash":"dc666ac53c9f578fa6c80c3a7dfeb4d88a56d3a8"}
,"D:\\Projetos\\SpotifyClone\\src\\components\\Error.jsx": {"path":"D:\\Projetos\\SpotifyClone\\src\\components\\Error.jsx","statementMap":{"0":{"start":{"line":3,"column":14},"end":{"line":9,"column":1}},"1":{"start":{"line":4,"column":2},"end":{"line":8,"column":8}}},"fnMap":{"0":{"name":"(anonymous_0)","decl":{"start":{"line":3,"column":14},"end":{"line":3,"column":15}},"loc":{"start":{"line":4,"column":2},"end":{"line":8,"column":8}},"line":4}},"branchMap":{},"s":{"0":1,"1":1},"f":{"0":1},"b":{},"_coverageSchema":"1a1c01bbd47fc00a2c39e90264f33305004495a9","hash":"5babb50f522aa3b5b070588625dcc7e711a366e0"}
,"D:\\Projetos\\SpotifyClone\\src\\components\\PlayPause.jsx": {"path":"D:\\Projetos\\SpotifyClone\\src\\components\\PlayPause.jsx","statementMap":{"0":{"start":{"line":4,"column":18},"end":{"line":9,"column":3}},"1":{"start":{"line":5,"column":2},"end":{"line":9,"column":3}}},"fnMap":{"0":{"name":"(anonymous_0)","decl":{"start":{"line":4,"column":18},"end":{"line":4,"column":19}},"loc":{"start":{"line":5,"column":2},"end":{"line":9,"column":3}},"line":5}},"branchMap":{"0":{"loc":{"start":{"line":5,"column":2},"end":{"line":9,"column":3}},"type":"cond-expr","locations":[{"start":{"line":6,"column":4},"end":{"line":6,"column":79}},{"start":{"line":8,"column":4},"end":{"line":8,"column":77}}],"line":5},"1":{"loc":{"start":{"line":5,"column":2},"end":{"line":5,"column":47}},"type":"binary-expr","locations":[{"start":{"line":5,"column":2},"end":{"line":5,"column":11}},{"start":{"line":5,"column":15},"end":{"line":5,"column":47}}],"line":5}},"s":{"0":1,"1":1},"f":{"0":1},"b":{"0":[1,0],"1":[1,1]},"_coverageSchema":"1a1c01bbd47fc00a2c39e90264f33305004495a9","hash":"aef081d05e5c1c24e30bc87a536efff1b9204f6b"}
,"D:\\Projetos\\SpotifyClone\\src\\components\\MusicPlayer\\Controls.jsx": {"path":"D:\\Projetos\\SpotifyClone\\src\\components\\MusicPlayer\\Controls.jsx","statementMap":{"0":{"start":{"line":5,"column":17},"end":{"line":17,"column":1}},"1":{"start":{"line":6,"column":2},"end":{"line":16,"column":8}},"2":{"start":{"line":7,"column":77},"end":{"line":7,"column":103}},"3":{"start":{"line":7,"column":97},"end":{"line":7,"column":102}},"4":{"start":{"line":15,"column":74},"end":{"line":15,"column":101}},"5":{"start":{"line":15,"column":95},"end":{"line":15,"column":100}}},"fnMap":{"0":{"name":"(anonymous_0)","decl":{"start":{"line":5,"column":17},"end":{"line":5,"column":18}},"loc":{"start":{"line":6,"column":2},"end":{"line":16,"column":8}},"line":6},"1":{"name":"(anonymous_1)","decl":{"start":{"line":7,"column":71},"end":{"line":7,"column":72}},"loc":{"start":{"line":7,"column":77},"end":{"line":7,"column":103}},"line":7},"2":{"name":"(anonymous_2)","decl":{"start":{"line":7,"column":87},"end":{"line":7,"column":88}},"loc":{"start":{"line":7,"column":97},"end":{"line":7,"column":102}},"line":7},"3":{"name":"(anonymous_3)","decl":{"start":{"line":15,"column":68},"end":{"line":15,"column":69}},"loc":{"start":{"line":15,"column":74},"end":{"line":15,"column":101}},"line":15},"4":{"name":"(anonymous_4)","decl":{"start":{"line":15,"column":85},"end":{"line":15,"column":86}},"loc":{"start":{"line":15,"column":95},"end":{"line":15,"column":100}},"line":15}},"branchMap":{"0":{"loc":{"start":{"line":7,"column":36},"end":{"line":7,"column":60}},"type":"cond-expr","locations":[{"start":{"line":7,"column":45},"end":{"line":7,"column":50}},{"start":{"line":7,"column":53},"end":{"line":7,"column":60}}],"line":7},"1":{"loc":{"start":{"line":8,"column":5},"end":{"line":8,"column":122}},"type":"binary-expr","locations":[{"start":{"line":8,"column":5},"end":{"line":8,"column":25}},{"start":{"line":8,"column":29},"end":{"line":8,"column":122}}],"line":8},"2":{"loc":{"start":{"line":9,"column":5},"end":{"line":13,"column":5}},"type":"cond-expr","locations":[{"start":{"line":10,"column":6},"end":{"line":10,"column":101}},{"start":{"line":12,"column":6},"end":{"line":12,"column":100}}],"line":9},"3":{"loc":{"start":{"line":14,"column":5},"end":{"line":14,"column":118}},"type":"binary-expr","locations":[{"start":{"line":14,"column":5},"end":{"line":14,"column":25}},{"start":{"line":14,"column":29},"end":{"line":14,"column":118}}],"line":14},"4":{"loc":{"start":{"line":15,"column":32},"end":{"line":15,"column":57}},"type":"cond-expr","locations":[{"start":{"line":15,"column":42},"end":{"line":15,"column":47}},{"start":{"line":15,"column":50},"end":{"line":15,"column":57}}],"line":15}},"s":{"0":1,"1":1,"2":0,"3":0,"4":0,"5":0},"f":{"0":1,"1":0,"2":0,"3":0,"4":0},"b":{"0":[0,1],"1":[1,1],"2":[1,0],"3":[1,1],"4":[0,1]},"_coverageSchema":"1a1c01bbd47fc00a2c39e90264f33305004495a9","hash":"484439039628e9d5e97d7c5aaa2caa9c468ec561"}
,"D:\\Projetos\\SpotifyClone\\src\\components\\MusicPlayer\\Track.jsx": {"path":"D:\\Projetos\\SpotifyClone\\src\\components\\MusicPlayer\\Track.jsx","statementMap":{"0":{"start":{"line":3,"column":14},"end":{"line":17,"column":1}},"1":{"start":{"line":4,"column":2},"end":{"line":16,"column":8}}},"fnMap":{"0":{"name":"(anonymous_0)","decl":{"start":{"line":3,"column":14},"end":{"line":3,"column":15}},"loc":{"start":{"line":4,"column":2},"end":{"line":16,"column":8}},"line":4}},"branchMap":{"0":{"loc":{"start":{"line":5,"column":23},"end":{"line":5,"column":87}},"type":"cond-expr","locations":[{"start":{"line":5,"column":47},"end":{"line":5,"column":82}},{"start":{"line":5,"column":85},"end":{"line":5,"column":87}}],"line":5},"1":{"loc":{"start":{"line":5,"column":23},"end":{"line":5,"column":44}},"type":"binary-expr","locations":[{"start":{"line":5,"column":23},"end":{"line":5,"column":32}},{"start":{"line":5,"column":36},"end":{"line":5,"column":44}}],"line":5},"2":{"loc":{"start":{"line":10,"column":9},"end":{"line":10,"column":65}},"type":"cond-expr","locations":[{"start":{"line":10,"column":29},"end":{"line":10,"column":46}},{"start":{"line":10,"column":49},"end":{"line":10,"column":65}}],"line":10},"3":{"loc":{"start":{"line":13,"column":9},"end":{"line":13,"column":71}},"type":"cond-expr","locations":[{"start":{"line":13,"column":32},"end":{"line":13,"column":52}},{"start":{"line":13,"column":55},"end":{"line":13,"column":71}}],"line":13}},"s":{"0":1,"1":1},"f":{"0":1},"b":{"0":[0,1],"1":[1,0],"2":[0,1],"3":[0,1]},"_coverageSchema":"1a1c01bbd47fc00a2c39e90264f33305004495a9","hash":"6b814a1af0f489224205e2cfd8277086369bb470"}
,"D:\\Projetos\\SpotifyClone\\src\\components\\MusicPlayer\\VolumeBar.jsx": {"path":"D:\\Projetos\\SpotifyClone\\src\\components\\MusicPlayer\\VolumeBar.jsx","statementMap":{"0":{"start":{"line":4,"column":18},"end":{"line":19,"column":1}},"1":{"start":{"line":5,"column":2},"end":{"line":18,"column":8}},"2":{"start":{"line":6,"column":92},"end":{"line":6,"column":104}},"3":{"start":{"line":7,"column":90},"end":{"line":7,"column":102}},"4":{"start":{"line":8,"column":80},"end":{"line":8,"column":92}}},"fnMap":{"0":{"name":"(anonymous_0)","decl":{"start":{"line":4,"column":18},"end":{"line":4,"column":19}},"loc":{"start":{"line":5,"column":2},"end":{"line":18,"column":8}},"line":5},"1":{"name":"(anonymous_1)","decl":{"start":{"line":6,"column":86},"end":{"line":6,"column":87}},"loc":{"start":{"line":6,"column":92},"end":{"line":6,"column":104}},"line":6},"2":{"name":"(anonymous_2)","decl":{"start":{"line":7,"column":84},"end":{"line":7,"column":85}},"loc":{"start":{"line":7,"column":90},"end":{"line":7,"column":102}},"line":7},"3":{"name":"(anonymous_3)","decl":{"start":{"line":8,"column":74},"end":{"line":8,"column":75}},"loc":{"start":{"line":8,"column":80},"end":{"line":8,"column":92}},"line":8}},"branchMap":{"0":{"loc":{"start":{"line":6,"column":5},"end":{"line":6,"column":108}},"type":"binary-expr","locations":[{"start":{"line":6,"column":5},"end":{"line":6,"column":15}},{"start":{"line":6,"column":19},"end":{"line":6,"column":30}},{"start":{"line":6,"column":34},"end":{"line":6,"column":108}}],"line":6},"1":{"loc":{"start":{"line":7,"column":5},"end":{"line":7,"column":106}},"type":"binary-expr","locations":[{"start":{"line":7,"column":5},"end":{"line":7,"column":17}},{"start":{"line":7,"column":21},"end":{"line":7,"column":30}},{"start":{"line":7,"column":34},"end":{"line":7,"column":106}}],"line":7},"2":{"loc":{"start":{"line":8,"column":5},"end":{"line":8,"column":96}},"type":"binary-expr","locations":[{"start":{"line":8,"column":5},"end":{"line":8,"column":16}},{"start":{"line":8,"column":20},"end":{"line":8,"column":96}}],"line":8}},"s":{"0":1,"1":1,"2":0,"3":0,"4":0},"f":{"0":1,"1":0,"2":0,"3":0},"b":{"0":[1,1,0],"1":[1,1,1],"2":[1,0]},"_coverageSchema":"1a1c01bbd47fc00a2c39e90264f33305004495a9","hash":"6e9e5aef33313c83086f07af32235177f4f9b0cb"}
}
